# JRE version: OpenJDK Runtime Environment (8.0_76) (build 1.8.0_76-00)
# Java VM: OpenJDK 64-Bit Server VM (25.76-b00 mixed mode linux-amd64 compressed oops)
Heap:
 PSYoungGen      total 181760K, used 9972K [0x00000000ebe00000, 0x00000000f7a80000, 0x0000000100000000)
  eden space 170496K, 0% used [0x00000000ebe00000,0x00000000ebe00000,0x00000000f6480000)
  from space 11264K, 88% used [0x00000000f6480000,0x00000000f6e3d290,0x00000000f6f80000)
  to   space 8704K, 0% used [0x00000000f7200000,0x00000000f7200000,0x00000000f7a80000)
 ParOldGen       total 48128K, used 13889K [0x00000000c3a00000, 0x00000000c6900000, 0x00000000ebe00000)
  object space 48128K, 28% used [0x00000000c3a00000,0x00000000c4790638,0x00000000c6900000)
 Metaspace       used 50271K, capacity 56424K, committed 56704K, reserved 1093632K
  class space    used 11274K, capacity 13387K, committed 13440K, reserved 1048576K
GC Heap History (10 events):
Event: 6,470 GC heap after
Heap after GC invocations=10 (full 1):
 PSYoungGen      total 115712K, used 8305K [0x00000000ebe00000, 0x00000000f6100000, 0x0000000100000000)
  eden space 104960K, 0% used [0x00000000ebe00000,0x00000000ebe00000,0x00000000f2480000)
  from space 10752K, 77% used [0x00000000f2480000,0x00000000f2c9c430,0x00000000f2f00000)
  to   space 11264K, 0% used [0x00000000f5600000,0x00000000f5600000,0x00000000f6100000)
 ParOldGen       total 35840K, used 12578K [0x00000000c3a00000, 0x00000000c5d00000, 0x00000000ebe00000)
  object space 35840K, 35% used [0x00000000c3a00000,0x00000000c4648918,0x00000000c5d00000)
 Metaspace       used 34886K, capacity 35334K, committed 35496K, reserved 1077248K
  class space    used 7672K, capacity 7816K, committed 7936K, reserved 1048576K
}
Event: 6,470 GC heap before
{Heap before GC invocations=11 (full 2):
 PSYoungGen      total 115712K, used 8305K [0x00000000ebe00000, 0x00000000f6100000, 0x0000000100000000)
  eden space 104960K, 0% used [0x00000000ebe00000,0x00000000ebe00000,0x00000000f2480000)
  from space 10752K, 77% used [0x00000000f2480000,0x00000000f2c9c430,0x00000000f2f00000)
  to   space 11264K, 0% used [0x00000000f5600000,0x00000000f5600000,0x00000000f6100000)
 ParOldGen       total 35840K, used 12578K [0x00000000c3a00000, 0x00000000c5d00000, 0x00000000ebe00000)
  object space 35840K, 35% used [0x00000000c3a00000,0x00000000c4648918,0x00000000c5d00000)
 Metaspace       used 34886K, capacity 35334K, committed 35496K, reserved 1077248K
  class space    used 7672K, capacity 7816K, committed 7936K, reserved 1048576K
Event: 6,561 GC heap after
Heap after GC invocations=11 (full 2):
 PSYoungGen      total 115712K, used 0K [0x00000000ebe00000, 0x00000000f6100000, 0x0000000100000000)
  eden space 104960K, 0% used [0x00000000ebe00000,0x00000000ebe00000,0x00000000f2480000)
  from space 10752K, 0% used [0x00000000f2480000,0x00000000f2480000,0x00000000f2f00000)
  to   space 11264K, 0% used [0x00000000f5600000,0x00000000f5600000,0x00000000f6100000)
 ParOldGen       total 48128K, used 13857K [0x00000000c3a00000, 0x00000000c6900000, 0x00000000ebe00000)
  object space 48128K, 28% used [0x00000000c3a00000,0x00000000c4788638,0x00000000c6900000)
 Metaspace       used 34886K, capacity 35334K, committed 35496K, reserved 1077248K
  class space    used 7672K, capacity 7816K, committed 7936K, reserved 1048576K
}
Event: 7,999 GC heap before
{Heap before GC invocations=12 (full 2):
 PSYoungGen      total 115712K, used 104960K [0x00000000ebe00000, 0x00000000f6100000, 0x0000000100000000)
  eden space 104960K, 100% used [0x00000000ebe00000,0x00000000f2480000,0x00000000f2480000)
  from space 10752K, 0% used [0x00000000f2480000,0x00000000f2480000,0x00000000f2f00000)
  to   space 11264K, 0% used [0x00000000f5600000,0x00000000f5600000,0x00000000f6100000)
 ParOldGen       total 48128K, used 13857K [0x00000000c3a00000, 0x00000000c6900000, 0x00000000ebe00000)
  object space 48128K, 28% used [0x00000000c3a00000,0x00000000c4788638,0x00000000c6900000)
 Metaspace       used 37151K, capacity 37830K, committed 38144K, reserved 1079296K
  class space    used 7950K, capacity 8128K, committed 8192K, reserved 1048576K
Event: 8,003 GC heap after
Heap after GC invocations=12 (full 2):
 PSYoungGen      total 139264K, used 2790K [0x00000000ebe00000, 0x00000000f5900000, 0x0000000100000000)
  eden space 136192K, 0% used [0x00000000ebe00000,0x00000000ebe00000,0x00000000f4300000)
  from space 3072K, 90% used [0x00000000f5600000,0x00000000f58b9880,0x00000000f5900000)
  to   space 11264K, 0% used [0x00000000f4300000,0x00000000f4300000,0x00000000f4e00000)
 ParOldGen       total 48128K, used 13865K [0x00000000c3a00000, 0x00000000c6900000, 0x00000000ebe00000)
  object space 48128K, 28% used [0x00000000c3a00000,0x00000000c478a638,0x00000000c6900000)
 Metaspace       used 37151K, capacity 37830K, committed 38144K, reserved 1079296K
  class space    used 7950K, capacity 8128K, committed 8192K, reserved 1048576K
}
Event: 10,135 GC heap before
{Heap before GC invocations=13 (full 2):
 PSYoungGen      total 139264K, used 138982K [0x00000000ebe00000, 0x00000000f5900000, 0x0000000100000000)
  eden space 136192K, 100% used [0x00000000ebe00000,0x00000000f4300000,0x00000000f4300000)
  from space 3072K, 90% used [0x00000000f5600000,0x00000000f58b9880,0x00000000f5900000)
  to   space 11264K, 0% used [0x00000000f4300000,0x00000000f4300000,0x00000000f4e00000)
 ParOldGen       total 48128K, used 13865K [0x00000000c3a00000, 0x00000000c6900000, 0x00000000ebe00000)
  object space 48128K, 28% used [0x00000000c3a00000,0x00000000c478a638,0x00000000c6900000)
 Metaspace       used 41609K, capacity 43680K, committed 43904K, reserved 1083392K
  class space    used 8864K, capacity 9595K, committed 9600K, reserved 1048576K
Event: 10,153 GC heap after
Heap after GC invocations=13 (full 2):
 PSYoungGen      total 147456K, used 5104K [0x00000000ebe00000, 0x00000000f7c80000, 0x0000000100000000)
  eden space 136192K, 0% used [0x00000000ebe00000,0x00000000ebe00000,0x00000000f4300000)
  from space 11264K, 45% used [0x00000000f4300000,0x00000000f47fc2a8,0x00000000f4e00000)
  to   space 10752K, 0% used [0x00000000f7200000,0x00000000f7200000,0x00000000f7c80000)
 ParOldGen       total 48128K, used 13873K [0x00000000c3a00000, 0x00000000c6900000, 0x00000000ebe00000)
  object space 48128K, 28% used [0x00000000c3a00000,0x00000000c478c638,0x00000000c6900000)
 Metaspace       used 41609K, capacity 43680K, committed 43904K, reserved 1083392K
  class space    used 8864K, capacity 9595K, committed 9600K, reserved 1048576K
}
Event: 12,029 GC heap before
{Heap before GC invocations=14 (full 2):
 PSYoungGen      total 147456K, used 141296K [0x00000000ebe00000, 0x00000000f7c80000, 0x0000000100000000)
  eden space 136192K, 100% used [0x00000000ebe00000,0x00000000f4300000,0x00000000f4300000)
  from space 11264K, 45% used [0x00000000f4300000,0x00000000f47fc2a8,0x00000000f4e00000)
  to   space 10752K, 0% used [0x00000000f7200000,0x00000000f7200000,0x00000000f7c80000)
 ParOldGen       total 48128K, used 13873K [0x00000000c3a00000, 0x00000000c6900000, 0x00000000ebe00000)
  object space 48128K, 28% used [0x00000000c3a00000,0x00000000c478c638,0x00000000c6900000)
 Metaspace       used 46552K, capacity 50854K, committed 51072K, reserved 1089536K
  class space    used 10196K, capacity 11789K, committed 11904K, reserved 1048576K
Event: 12,045 GC heap after
Heap after GC invocations=14 (full 2):
 PSYoungGen      total 179200K, used 8358K [0x00000000ebe00000, 0x00000000f7a80000, 0x0000000100000000)
  eden space 170496K, 0% used [0x00000000ebe00000,0x00000000ebe00000,0x00000000f6480000)
  from space 8704K, 96% used [0x00000000f7200000,0x00000000f7a29b38,0x00000000f7a80000)
  to   space 11264K, 0% used [0x00000000f6480000,0x00000000f6480000,0x00000000f6f80000)
 ParOldGen       total 48128K, used 13881K [0x00000000c3a00000, 0x00000000c6900000, 0x00000000ebe00000)
  object space 48128K, 28% used [0x00000000c3a00000,0x00000000c478e638,0x00000000c6900000)
 Metaspace       used 46552K, capacity 50854K, committed 51072K, reserved 1089536K
  class space    used 10196K, capacity 11789K, committed 11904K, reserved 1048576K
}
Event: 21,255 GC heap before
{Heap before GC invocations=15 (full 2):
 PSYoungGen      total 179200K, used 178854K [0x00000000ebe00000, 0x00000000f7a80000, 0x0000000100000000)
  eden space 170496K, 100% used [0x00000000ebe00000,0x00000000f6480000,0x00000000f6480000)
  from space 8704K, 96% used [0x00000000f7200000,0x00000000f7a29b38,0x00000000f7a80000)
  to   space 11264K, 0% used [0x00000000f6480000,0x00000000f6480000,0x00000000f6f80000)
 ParOldGen       total 48128K, used 13881K [0x00000000c3a00000, 0x00000000c6900000, 0x00000000ebe00000)
  object space 48128K, 28% used [0x00000000c3a00000,0x00000000c478e638,0x00000000c6900000)
 Metaspace       used 50271K, capacity 56424K, committed 56704K, reserved 1093632K
  class space    used 11274K, capacity 13387K, committed 13440K, reserved 1048576K

